{
  "stats": {
    "suites": 1,
    "tests": 1,
    "passes": 1,
    "pending": 0,
    "failures": 0,
    "start": "2024-05-25T11:35:06.434Z",
    "end": "2024-05-25T11:35:06.467Z",
    "duration": 33,
    "testsRegistered": 1,
    "passPercent": 100,
    "pendingPercent": 0,
    "other": 0,
    "hasOther": false,
    "skipped": 0,
    "hasSkipped": false
  },
  "results": [
    {
      "uuid": "3a2e9e58-8246-4016-9cb4-720d12480a6e",
      "title": "",
      "fullFile": "cypress/e2e/test_pass.cy.js",
      "file": "cypress/e2e/test_pass.cy.js",
      "beforeHooks": [],
      "afterHooks": [],
      "tests": [],
      "suites": [
        {
          "uuid": "6e03dbb8-396d-42f5-877c-216cbd71ac93",
          "title": "template spec",
          "fullFile": "",
          "file": "",
          "beforeHooks": [],
          "afterHooks": [],
          "tests": [
            {
              "title": "passes",
              "fullTitle": "template spec passes",
              "timedOut": null,
              "duration": 15,
              "state": "passed",
              "speed": "fast",
              "pass": true,
              "fail": false,
              "pending": false,
              "context": null,
              "code": "expect(true).to.equal(true);",
              "err": {},
              "uuid": "d0240621-7442-46b7-b41e-c79e42bdc3f2",
              "parentUUID": "6e03dbb8-396d-42f5-877c-216cbd71ac93",
              "isHook": false,
              "skipped": false
            }
          ],
          "suites": [],
          "passes": [
            "d0240621-7442-46b7-b41e-c79e42bdc3f2"
          ],
          "failures": [],
          "pending": [],
          "skipped": [],
          "duration": 15,
          "root": false,
          "rootEmpty": false,
          "_timeout": 2000
        }
      ],
      "passes": [],
      "failures": [],
      "pending": [],
      "skipped": [],
      "duration": 0,
      "root": true,
      "rootEmpty": true,
      "_timeout": 2000
    }
  ],
  "meta": {
    "mocha": {
      "version": "7.0.1"
    },
    "mochawesome": {
      "options": {
        "quiet": false,
        "reportFilename": "my_report-[name]",
        "saveHtml": true,
        "saveJson": true,
        "consoleReporter": "spec",
        "useInlineDiffs": false,
        "code": true
      },
      "version": "7.1.3"
    },
    "marge": {
      "options": {
        "reportFilename": "my_report-[name]"
      },
      "version": "6.2.0"
    }
  }
}