{
  "stats": {
    "suites": 1,
    "tests": 1,
    "passes": 1,
    "pending": 0,
    "failures": 0,
    "start": "2024-05-25T20:01:10.336Z",
    "end": "2024-05-25T20:01:10.365Z",
    "duration": 29,
    "testsRegistered": 1,
    "passPercent": 100,
    "pendingPercent": 0,
    "other": 0,
    "hasOther": false,
    "skipped": 0,
    "hasSkipped": false
  },
  "results": [
    {
      "uuid": "359751db-ec8f-4603-b32f-853027e46870",
      "title": "",
      "fullFile": "cypress/e2e/test_pass.cy.js",
      "file": "cypress/e2e/test_pass.cy.js",
      "beforeHooks": [],
      "afterHooks": [],
      "tests": [],
      "suites": [
        {
          "uuid": "e70af1d7-fe68-4265-807c-ac4a07c1a19a",
          "title": "template spec",
          "fullFile": "",
          "file": "",
          "beforeHooks": [],
          "afterHooks": [],
          "tests": [
            {
              "title": "passes",
              "fullTitle": "template spec passes",
              "timedOut": null,
              "duration": 20,
              "state": "passed",
              "speed": "fast",
              "pass": true,
              "fail": false,
              "pending": false,
              "context": null,
              "code": "expect(true).to.equal(true);\nexpect(Cypress.env('test')).to.equal('ooga booga');\nconsole.log(\"HELLO THERE in console.log\");\ncy.log(\"HELLO THERE in cy.log\");",
              "err": {},
              "uuid": "ddcb8f52-e8f7-4ba3-903c-9f531ab9c83c",
              "parentUUID": "e70af1d7-fe68-4265-807c-ac4a07c1a19a",
              "isHook": false,
              "skipped": false
            }
          ],
          "suites": [],
          "passes": [
            "ddcb8f52-e8f7-4ba3-903c-9f531ab9c83c"
          ],
          "failures": [],
          "pending": [],
          "skipped": [],
          "duration": 20,
          "root": false,
          "rootEmpty": false,
          "_timeout": 2000
        }
      ],
      "passes": [],
      "failures": [],
      "pending": [],
      "skipped": [],
      "duration": 0,
      "root": true,
      "rootEmpty": true,
      "_timeout": 2000
    }
  ],
  "meta": {
    "mocha": {
      "version": "7.0.1"
    },
    "mochawesome": {
      "options": {
        "quiet": false,
        "reportFilename": "report-[name]-[datetime]",
        "saveHtml": true,
        "saveJson": true,
        "consoleReporter": "spec",
        "useInlineDiffs": false,
        "code": true
      },
      "version": "7.1.3"
    },
    "marge": {
      "options": {
        "reportFilename": "report-[name]-[datetime]"
      },
      "version": "6.2.0"
    }
  }
}